Case 1:
18433155
7483044
64064544
5498085
27731464
32071119
14066004
18359818
54085165
1236935
28080369
8043905
6364282
33011518
25941620
19764954
54969320
22883078
12765051
11609675
62076706
6047012
58198522
42795116
7749215
12907753
31729434
13931711
39846370
11386452
20782139
4121638
34740117
29117570
23271314
37352664
8868120
34024071
18567970
22385124
63595023
34984104
11936874
5243260
57569866
26380010
632022
13566654
18140983
240834
31132852
15682608
20050506
47484722
36261031
24819488
37431166
4624896
19420364
13284420
4212293
57871065
1298721
28272507
9447396
4897139
1577804
27776196
43889295
43727524
28159740
37128860
17168323
23873078
24649855
37201377
58091305
35815834
10847418
5782473
20093318
37593878
15455184
63468752
7123504
64660416
21394336
30336995
16513655
13603966
24669880
882604
54030777
33369262
20017650
38526198
12983946
29478020
11365972
13359335
8103318
15342829
32953574
7152994
4013019
47623483
10777819
13067509
54001606
26661524
34951571
10891830
52649274
273182
302554
14155008
28001645
4289589
51629325
17462103
56670546
19652482
10363676
13936762
321196
49748893
1348597
15143119
23736749
36705796
47446275
45668355
20079830
882097
26638056
7381753
66611868
64002961
15022061
26153248
8535557
2593856
38357677
18454127
47376169
20361762
43609005
20362166
22009006
12047581
33131794
24520433
53530998
13145257
8255139
16562386
45840251
8586704
29262841
1281538
27693306
5908030
11875862
8970659
59695281
1588033
7386238
29798350
51300636
1472640
30389500
24913168
31969998
8289402
45497312
54692677
21621782
40307650
7354352
13687174
36996761
25875546
48931382
41539500
16367214
59605976
25513119
1700649
562319
4396952
14228818
31834414
68256653
25704683
10465079
10042864
11419803
4753226
38767905
5447844
19679258
16621798
46928354
51661942
47014446
46400497
4002754
62205110
47123843
27366120
11707062
7727507
6605292
44801990
32789359
53664530
19240157
45987931
9536403
28314863
60438660
33087965
19494458
44463302
11216093
24339726
1518691
26590405
61759355
40503832
68068004
19905771
41240996
21677867
17046384
13319622
43160819
42031496
23495663
22690283
29386560
27651493
45039445
30506340
48309259
17685108
19739694
49097172
9565309
18414406
5159555
41672045
3343635
72228149
1191877
26968518
14180826
22973955
14808269
25106224
9739234
3168905
34706522
27326641
42792931
12775369
29469312
17283791
46782188
28336506
39123659
25234150
39257442
15851226
40090007
10736820
21475890
19035781
40657856
14430135
41507707
20838806
38429994
12340620
3568777
457551
17599362
6549492
9913884
40266928
13118968
33181331
13757695
9225266
4386440
2268994
10740086
32979153
24399471
4757373
20002473
31524009
30659914
47648128
33444896
18670407
30505411
10715945
4480270
21543069
26414088
34564256
18340078
49724043
45194703
35310637
17505264
8088444
2288303
8606218
26810176
41750469
17726977
66437847
10229759
41522055
9204299
6906762
29643776
4190370
1230808
35595598
19074384
21759072
14593190
48254362
14408147
21466392
5171345
8115611
55808260
21890941
20611171
28554573
23168236
29830701
7345767
8744741
31314802
52283074
3192366
8622072
12295709
28496856
41558636
27415999
18074421
47617555
27437992
29268435
2294054
7153487
38363702
59684363
46569314
35334803
51843754
33888952
11065693
32387952
9545483
16368031
11447828
2610026
23715575
45578699
12718333
32758540
11040850
14905884
24716168
17743548
39846560
14288257
6867283
24303491
8257867
17922892
10744972
40472072
28211462
6513249
48644788
44245328
21591198
43637856
38022255
67905006
7430890
10308145
1252564
863295
30734661
13997873
38023916
4040400
17383620
10271898
58609572
13831762
40907352
33154285
23706451
20263739
60123346
36418439
43691925
16687194
4572308
56787417
42153071
18291996
903283
20139161
16581639
31802584
16736356
18083998
12886265
53077884
2525855
7283519
8236268
2133573
38350034
4496458
18678865
61466851
56103221
32108209
36672235
32459425
3332043
5143792
29626218
12442744
29420791
54021987
30719806
15152163
49980534
60442314
35063819
6625998
20801557
20976848
35550729
39604807
30417407
44946466
37825259
15588507
3998426
26583205
24387746
48623220
59192327
9863170
20849888
42090769
16030931
17732040
12906865
25654796
2716375
4477119
30482443
21788553
25882318
1680629
26569004
44540261
6254297
24529379
51827176
4788579
752392
14960193
4754069
50593478
12560732
7447207
12701245
55735427
23634942
66704896
14995592
5298849
51853688
22806963
56636845
15469008
45054008
3518839
1245870
61657227
30783016
27767740
5196642
14038503
31620769
23789104
43465487
45700428
30718663
35616803
13620368
39088437
21419593
8692926
16666215
26538366
21284119
64030932
1223502
51291911
48042915
2218478
10854067
27316525
15283709
36321486
21401389
35474637
7439935
51873724
23896168
1514659
35976318
19072687
13797763
35405303
46429249
19562313
18610338
40903066
19970346
17635984
6092979
1665675
61777461
11004142
42874935
21149394
32488476
40926839
19221893
17707952
1413777
3466365
23261466
9721730
12505817
41183158
6170465
52137357
2890783
9603144
14827875
39501807
38047413
28887583
19842222
59582639
1449621
7482626
36787748
2876197
8784502
1979134
3733059
17777873
4830620
52442415
9064448
52054787
18251413
3579622
26104019
844594
40318109
2085241
43212894
4557845
42962957
7974582
15754577
31640607
10686329
24852205
40033005
53684344
24218997
1012391
59683087
7314482
62492012
29579919
7305789
55834218
23816676
26279362
46139812
57619443
57079837
10065541
4157633
32692796
10400520
46697500
32667395
53444395
35001632
41641781
32576673
37948858
32239491
56984860
17179031
65656353
19956572
22200046
21824560
35844815
1589836
20726584
59339345
393891
2433660
72291586
12702432
7245912
2335326
5080012
572666
23270637
32199488
21179162
12379692
11188142
2532504
7770317
24056539
35999821
700105
1106089
15438722
50286850
41521672
27257465
10547348
45449400
6775603
15091965
15191862
52530079
1700628
36448930
25213556
15641347
5624624
6928468
10351715
26649907
16213027
28206234
27554023
25500917
1164103
28861971
5901190
24256722
4938452
42476518
20735161
39414357
28742219
7315075
52012385
53633755
226644
50912318
41474886
34236036
62697608
2830948
50102277
6646516
6298959
37536370
978875
29332535
3068260
38290146
2306314
41245079
25485411
894946
25382000
51823
37173328
27641090
38728982
29699046
37699064
36683875
5356501
1730908
27788155
37510062
7635877
13091388
30024337
34226049
63628799
16425778
70152227
7181836
15310742
44172105
29163987
8898405
42965291
17861073
37678240
2475816
65893309
26172690
19431947
51279777
47730634
35204364
2465355
68498121
320109
27785248
12871946
17474692
43398825
5719254
320876
10927213
24958253
28591651
20159043
17544571
5200096
32088637
382295
56123536
72554625
11425314
61928709
63791582
18700612
6122870
19702573
55534189
31107115
39329964
14520776
36939426
3322212
57315825
42908905
29762616
41700343
61715137
28356582
2659484
7176490
583435
15450236
971202
35774788
6325571
31452398
28295122
52045506
32376021
4431564
13919074
72975229
57174476
31369370
26906126
9033980
3679414
6139244
35285268
32108723
8319227
27883606
14845136
16032773
14821255
1830361
34756949
42219057
491626
64156610
25049916
35427212
23526563
13924638
7782153
38657260
1240326
27711265
37778877
6140781
1818208
49129691
15122925
4424039
37296098
15478859
47572097
15402087
23939297
13311613
43512474
20728854
8934961
36098343
52661338
20251900
1344966
14420772
14277856
22923608
41383491
23033365
52642230
8617261
32802278
41178406
60708642
30264440
58998299
21280119
3071896
36552112
8721618
6117423
60895798
59623669
31150674
32551075
49084558
28992121
37410054
25379045
29835847
31146219
57398014
17526740
41413535
405611
31445302
22472270
11524142
11052309
10892011
19753685
3896013
53640493
54800086
61357783
36063113
20527999
22243139
23383655
57468379
37978415
25498285
17556275
23249226
6042825
26559404
762114
10033321
5882815
2698045
11593750
30969387
14287849
27409504
26659609
888058
15327258
7860329
22402433
8264851
24392188
4437982
21796990
24966303
25190546
70987983
17251541
53965783
53683721
34730469
17128078
24096898
16530003
343633
8198927
8631882
69778812
34619673
32761556
532115
33372327
13917645
35847135
14463157
14937830
22644331
33940889
9826906
7422418
22635598
2825545
244328
28287252
6660555
13043458
1605932
36732384
1687989
28925869
15933655
12933987
14702211
31739549
6340359
5311828
18298252
26855978
7435045
10237266
20243079
36206792
32185860
7678921
18092015
900389
15378313
2762288
1873473
11590334
7357361
1236979
49591205
47460511
4931500
24351701
19932205
31520971
12510757
25146639
26132637
26766860
64611219
33107799
13492907
46278447
21819547
25229410
27994547
2654373
5139574
30365179
36726354
13526436
15248912
4146084
9175174
34348669
2906212
40960078
11044296
17432734
1692438
18260123
19055810
566496
9080332
37586372
11982138
26694717
18628774
3932018
36053671
627274
14969123
39261922
6185966
15218229
29850983
31911355
17926498
25018981
53382840
26652967
27485148
41881969
32394374
17994788
7504958
3568392
31995129
13536152
42585670
4827548
65649473
45051100
5094991
36388552
39736396
17480315
73376
6555163
7702812
37642801
43942471
22871515
42162614
39009772
34130081
45848502
28754333
11129299
44006156
5947321
24012759
5036054
19279369
11599192
34360148
9593698
33095583
29804655
13155896
14761951
22732443
5250402
452986
61142668
12344817
21453639
20309681
39001979
46025647
16231425
45680183
9735633
28668820
23616353
22499263
40058206
49611572
29641799
4063216
3553197
10007676
15041700
20626920
56372600
30237893
476553
9701130
41965455
13537679
34098784
69317103
37835524
29169459
19161297
4072359
3590799
24429270
1660130
49419188
31319450
30515114
49998521
766068
71156061
10582176
32963677
28522639
11307893
39799032
14616172
23613861
6571641
27786229
2665128
25778777
33395498
1500091
148336
25726615
10278971
64879206
24411745
16743471
29063970
550809
11319166
3643325
21422690
13873955
50288923
32752806
22991395
11428322
45061947
7431190
59225273
51086393
3964426
724100
61229184
36079620
9843876
2273783
34495171
59677209
24343008
25271432
13675983
5711049
14372274
1846861
3942192
22225210
29749983
30741629
450579
12513340
14688814
5603574
11233759
10785331
39175262
14239509
19001472
29208730
35510212
29622986
10636366
27566444
48284025
32998502
2811547
38551528
5289855
29228695
19999232
2066252
256387
30740003
46273766
40158068
31856561
60739432
35208375
12888367
58349325
50415781
1429421
36135611
19413685
7819824
12418581
11976669
20754505
80132
19465638
8329453
68121024
20614111
61879980
34025800
67875430
20333972
54276310
32152894
20960408
1644215
8663476
16223975
4597631
10735068
12636985
8479418
1355572
29631730
36254148
1821239
46947187
12120823
25169409
18078707
7230333
60714724
20558060
24249845
17030730
20383744
26750966
37889879
49371370
14757321
11559428
60042705
11809913
36276310
58191281
31245307
52135617
19916667
43752873
29643931
5804055
20622923
6413371
15255574
10505604
7669413
26781052
38641922
35330314
38487637
1856950
20268258
7406680
11109870
3187423
48071074
7366190
30561132
4148063
3433357
28322120
10559588
1351193
10635787
31263445
59877789
46309766
44964783
10913070
43318594
39826896
16499381
9891299
41053376
4162656
49191756
27332351
39263270
13564662
26957910
48781540
47800558
36312807
53539655
48365235
28253000
33891530
2455541
33993017
5714676
48850955
33772953
37606792
20305135
12043834
59791443
19876637
1990067
10042337
9546631
19703236
45474
43585078
21403664
11859799
34388205
1788329
18017080
22345145
14118806
4503334
15769197
24285202
36652746
10066854
7914808
6532920
24000711
20850088
73609704
28127134
40667837
2829608
1962218
16843669
65376043
45508189
44865616
18677972
18076113
38328723
3509067
11031083
49091307
2802455
13447621
41405319
53944121
19213198
4239784
7431230
9280654
65821029
6321511
59243873
17100750
43818262
22336827
10989017
24897607
57510529
16322581
30315909
30092160
45778823
17291140
3012283
45139891
25525031
26499143
20047190
32090971
11720985
55814212
856895
39446714
28740955
30411891
11854285
29230026
44594984
6242363
18521783
3188478
16268980
7615039
9445386
22178048
29076355
45683901
49982777
35428122
29726699
53735126
9974849
25500213
7478143
33525072
19118287
35367710
6215595
27079394
30750156
14905931
8195187
39140695
1161498
12324979
53916785
28783256
43686073
17820701
30286957
31247939
39992382
69318200
6953060
41500918
42834608
25821016
55496057
69072827
40934286
29844498
6182322
13865409
10966857
7466094
29395058
25218373
21238222
30164709
11303387
12486278
7629416
31259679
14581117
42322762
29541679
51515322
12981025
12969247
13952605
6186843
38480170
21986686
25974407
64423013
4826344
20820748
15979359
30221387
41327387
33808738
16596226
2425948
12483759
7872526
32101309
19741412
34913476
17958358
4811689
13485212
14286664
9163411
8950153
45172946
6544035
71904640
72774187
56706000
28924259
12422261
14712187
17756003
38095654
3759320
26415890
22820288
18611979
45020331
14379131
36966380
527346
6040126
25359938
35546419
6555600
19703111
536786
2220930
23715722
2069910
11845297
25174457
41361365
927470
9763673
39547782
14010931
40177660
53378235
19494016
37810984
11488124
17712322
35943013
56448681
26423560
4238203
1791804
58232102
39701076
31256982
24652009
5805003
2412004
10327383
51978260
30225644
40032542
37188133
23695524
13161514
37998327
3964993
1375082
31992110
52107034
6975457
7632545
41936325
36650488
58287330
46502502
5309376
50779787
21357170
36818575
62127639
4347071
8276863
992836
24278195
46980726
13781861
69181789
43847007
57333374
26624012
10303368
10493533
8301910
1279989
24740107
45471448
7077672
63880441
10713160
37145608
103082
1390420
8164442
4246041
22507080
50527635
8364921
47097623
18340683
15142872
6570578
32957927
17614853
23323379
23970782
23873285
25871944
9778018
21634443
37402427
69282015
21285487
11458496
4787562
38205854
26430071
1775475
555336
49363864
36138755
11239246
58274055
14834943
18284730
23212246
55473236
23780966
65186444
45593642
24102868
10653924
2379785
6869656
15608520
11713034
20109897
64947949
7567205
30204290
23138359
8764987
1918570
16117858
7930525
9553744
11841805
26465726
10820224
17776148
1347335
9415736
14371860
14592131
62687514
15183597
1984104
36450704
12205968
19477239
45551846
17729125
37778557
21977325
52232040
37558114
6625683
7344009
23753958
32177233
10251990
16109925
20200737
51962266
30509576
141410
30769131
8764861
13472980
36598541
9344046
19796164
4522851
19201332
13781661
50154863
29606052
54905022
60364324
6604685
49364437
4331979
16327426
60804171
44255594
3057350
839046
38762251
42518825
26364404
14327476
2718552
14531696
13983415
33166390
53819905
14801314
1936743
3321247
34643248
40980212
10516104
13042798
20449139
20632669
13281027
39848346
44757376
42959188
3666399
18738290
11275627
19767239
18139899
69885027
46947342
31875438
33145326
32868055
28460156
34231191
3825654
15443527
21007181
16808393
21192139
25270488
29819125
37102948
73583271
8144369
33566208
48358450
28491766
13351324
10773302
7293822
46235530
21456387
26209668
19658020
10911576
7124846
10185768
26636648
29792260
21565677
10374878
4829299
36845876
29686292
26491187
953304
6291197
8627372
240095
41489604
7350981
23447846
57767748
17550207
40915165
3960189
37548561
26438648
15481307
42263130
49580075
63746782
24494836
15474138
19949148
36515607
25815504
24986223
11883637
2037017
39104476
22257153
12635498
19225757
5298012
48753790
4025809
1365381
2523247
17106478
13990299
16881106
30251333
5001198
30607537
23217459
54466700
36123400
38144332
71474319
22360387
64948572
15078767
45598660
4659252
31048493
48754731
8855319
29951218
24729255
28554653
4043922
31473498
8354507
32491191
10123811
37375094
37333595
57814395
18732618
3038993
6049077
12407886
1320289
28869924
69487048
19305229
17123486
17639923
25523139
56809219
22191293
23546124
41746442
39756982
219448
207691
36210094
7977
11095156
7480880
2360166
41116692
3467808
36229912
25589058
63945247
44391490
18967735
40978745
10839208
43961158
17382437
20466189
15414760
55052393
7374603
21265276
30622947
13124075
11466701
32116774
26256458
12240210
777954
8017827
54611996
25791496
34251837
59508463
22776979
19492188
7864897
23060495
17649956
8415099
62657479
35876363
69805921
42476025
16466270
3790476
2958344
44688540
10127189
37471399
57269105
29625351
16771168
6753971
24305659
60505017
18009678
8710595
25556501
415787
13676240
10300993
37183926
41305750
10939798
7917734
47196997
22400081
8427919
44425570
71444111
39308354
26985291
44023726
23379941
68607650
52272044
9086244
64718340
10808868
11835561
33722465
34871706
15177948
2821770
38969990
21741079
28077987
28592321
48482485
19299931
70384028
45983543
22313721
14479356
24132593
23458771
21956100
29740718
38704725
61879074
18325894
39267915
19872178
44938853
36186844
4933641
43426743
16148279
9309705
52653687
63518513
18644322
16029505
46669539
72460524
32770795
57423361
12294313
33412102
18021467
3711377
20041773
54964793
44103153
14642516
61373179
37007416
8429968
10638696
38047915
24034399
64655976
34180744
28528986
62686634
59402389
44625678
24329661
8340540
24071860
8728159
22954556
44409784
42339518
38336647
15849139
52614932
20679874
37117107
8672084
7315333
30211937
36871078
32779524
45722706
1316364
38481277
11438220
2398441
8413078
51579213
46774897
26250131
4715091
19440535
47539035
2217702
65179252
68350502
12200125
52303951
52463049
30000795
64520156
59085592
56737
4991425
51438710
5949773
31066311
36535
15670747
68350518
27710715
38118722
58901610
42464656
7284390
4588892
10955001
52741859
15262437
26629822
9425612
12061927
14409941
10830612
34910242
41031024
11225578
23054864
61834688
35227552
14057621
2143645
37749608
38499347
12374595
21458385
1700942
7238940
49241486
37860423
433208
65310385
50736364
1245506
59640416
13314943
42497610
21321185
44566443
35149824
57097030
3648361
7933200
40548348
57159703
23871925
214529
6990052
34228877
56727777
9791606
12028799
24715674
45457813
5830012
56014581
26931410
5221401
4335257
55596930
9237309
11055402
14588279
5144911
44250287
6412613
27458212
29096864
8943229
68415780
9162454
23289057
25447968
18767143
26825670
2279149
13573665
11153485
53113584
26809210
53110245
39959676
34426813
39056316
10890219
60009264
9613001
12226493
2315552
3339226
30630594
25628604
39856409
18896370
20659568
13044053
7327684
36074891
51816987
12906623
48304728
48587815
14390675
208929
44139247
7433785
2628139
32851363
1618838
42609160
30813584
16877115
597722
882857
15659422
7926066
15892087
1826026
36201631
14572892
42580664
15036775
17150541
56438951
1961447
22830105
2727490
4796249
52440668
5425935
61698590
46609658
9443179
63331624
46158609
4473560
4236615
14702631
2938873
815243
46054829
24474706
676823
28181738
27393437
35650283
57832264
63784719
51220082
11683636
30613789
1859404
31886733
29498757
617610
505606
12126937
9792422
29616591
16381761
38718558
17807131
18279893
19730652
9522296
58203519
39249614
39737434
9644879
48897975
2507338
6401205
40533076
56325771
32709389
28556338
19327614
14147302
4721171
29223782
63957164
3029827
40536898
33434697
64773081
13295042
12524528
53166882
24059655
6398172
42732531
439175
28781191
69069555
13133923
10759750
16467406
37180840
40378461
5558331
26471104
4463963
12978231
36871642
1502445
39602047
22364987
8803605
17416955
33995292
35465926
7675351
3651545
29435601
2307863
40600530
12780914
8420377
36307949
456712
16528266
38129496
17864980
29186471
3605695
24045988
53787688
13817994
57846893
66856259
22257154
48577167
29646268
6023009
2544771
36930057
16577082
29658754
48965822
25654304
2687070
6031212
22805270
44940204
10821891
34492929
16346108
11930830
24875310
3615325
66963785
10889245
21688126
104103
23310945
8489881
31197490
29471236
69527441
12422010
11159025
38185663
25594821
47459923
29972499
10350675
36387979
37678330
12003699
50951695
39550384
844959
58136774
12397264
33336974
38353272
33206008
39391214
42879119
38866495
47362309
9460725
10204346
21485961
7201895
154637
3100707
386226
33422097
28099008
16992311
31335855
14309951
1838303
20073380
8939427
23164436
70784934
49014758
10622616
6214313
2699303
8250747
24821130
37241092
41936221
24047084
37446522
29859001
30646031
14011064
5576413
18158199
57343321
22302279
14254429
27822579
58876498
19539009
30895976
21910533
17427458
29276573
6132372
51079348
13586852
49664210
13296900
14012423
3460847
34387953
47065867
7034504
13969126
29842008
17038444
48636122
60087387
14995805
22488458
19956334
24555551
26048891
23641040
15224269
57521559
30384300
46374407
20706170
64672575
41214571
30711352
4867261
3438448
57850217
14236677
39385477
47338653
28900555
16253103
41251378
12851683
18887082
23115107
53231493
64743585
51046331
8773341
7900241
46741962
8412380
35206964
48494935
3469904
23382662
53037007
29800647
12084980
11759629
30814461
30300679
31948246
29058904
9335635
2430343
44058300
45696750
4121559
14622483
38212492
8676352
678951
21595132
7285874
11288486
956284
40218972
27292103
13090891
15092410
47600769
26176555
39409835
21563069
13805251
19255310
20816873
34228767
9321109
30828753
17563114
53242651
26249385
29416682
35864613
19430718
31240137
42320364
38406444
872839
9909069
60611807
17271105
49243708
41682120
21503413
25628193
26252638
29847824
13615994
28573824
33845965
2519285
49352753
42843746
39284177
15120224
2256724
17949900
41504734
21254225
35947577
40231197
4627314
60969431
9343509
14689621
10033304
49257533
12919585
33806
40689253
26481772
8537630
36780262
17962090
3528174
31775478
49671421
11053546
62538832
22312428
34450080
21501935
58949582
14609549
17495095
45014045
62742538
6195104
56013877
4763182
7069390
5067649
6042751
410746
49115264
53121818
623601
846337
9416209
5112199
27604919
41880455
17127783
30725285
4596760
40649604
64877291
39789906
32450234
55234573
36879489
7062044
69384720
29591180
23740682
57576383
45478164
34751315
3167377
33772471
15729003
25044035
58476885
59660229
2474987
35530557
2600443
22487215
33751489
5726283
49491214
8306326
23016031
3086894
6573556
27980100
2125508
55197656
27009014
3060705
7602879
12153691
8531648
9776602
11076631
10900615
29639345
13716812
25521187
2935704
4589244
5791631
29219652
17582353
15305674
10864258
16177344
1792814
20823917
13841628
22662820
41240944
12642558
22561982
11929870
33954446
14117923
12368494
18986192
27492741
36822612
25636154
9798643
51821053
13935877
4623756
39663520
507153
1595047
41547666
9570331
43763168
31403408
17037859
15726076
59101522
18691898
28218559
63082257
15623468
18757752
8150664
16261306
12795790
4527622
65092984
2032446
58293519
64844539
41709872
3772641
38312431
2471578
6181378
5189690
14259097
36906086
6635296
10056544
2902947
5446754
19325007
3695725
16277575
2027899
49443858
32353773
314868
41047035
25105768
49595493
45571923
58853673
6185364
49020651
32931120
38858674
46273053
17670353
48294033
29589347
12340567
25504528
47096362
6272068
4757085
12707556
20052961
22773416
39467415
10971254
6386281
61211539
30849011
26734728
29217720
3430549
11174283
46358343
3868022
34836967
44992586
5750045
284397
21870338
40113369
42739959
65587751
1532240
20812586
26084484
6052378
28967274
15941748
36030767
45318414
28263860
60702667
1555144
13295411
13759587
8451940
18805640
16797294
36933407
45925229
6431538
2399647
51455039
36497279
7135878
49329315
50013393
28496193
69519472
37088932
63893926
29063276
13348169
58022599
23457450
12953023
8884398
3675076
18348445
12293652
50751750
1508420
9208758
1859459
1670024
52826927
7987919
23161609
21978352
3855277
13950638
4679186
25065523
59166810
969809
61063568
24831058
6089552
40214069
31520675
57774568
1279313
13661117
58810772
2336759
30744048
53596388
4732545
33895431
25658443
3414575
11913546
10309579
3510213
4199861
6236558
19390779
1198443
51851036
60000033
56304128
10263767
10321787
814841
4268390
10059648
12675474
53888211
12155783
1501616
57222965
43103102
1338936
41236822
12056385
1787276
38107699
32865449
15872881
19438533
30331367
44719773
17136641
54073058
6756676
42882653
66138784
5656658
59763176
29515827
7927014
45672219
43160182
3978888
20385225
28336069
17243830
18936456
48177925
19107017
14154276
2649737
16471349
13011693
31295880
50163672
11118599
53450587
30868475
8731324
7629371
8789776
15329535
4306264
26388052
13879130
11717207
34959839
24357628
21159735
1793784
57240607
27396550
45191217
46694527
30705819
25889279
40951969
6818402
849531
41917835
13018681
22589640
26375384
2656407
25589518
61418509
5939502
1189174
32645393
1786458
40488790
16644278
12447257
26132690
22248649
13867084
22954511
46924521
39140864
23367518
23048491
18573930
15449620
12670371
2737583
16217984
6362840
25155209
1514834
50830622
10863137
66756344
22250221
25597480
3859334
38788961
22150208
45242486
2462101
10714379
54914416
13106161
4736077
5455281
60642218
2860192
13481847
13961257
17722267
47687979
37005383
8555323
25945505
2386029
59657367
7635157
32550055
20442708
13585984
46083267
26086570
45127457
3758674
1246309
2698171
53651816
38156606
2075141
26123664
21694936
11037142
3814481
11848183
34561703
2180567
67108741
3605683
21294971
7798874
48136828
10721663
33283146
24528221
44741953
36434914
2782546
19774674
16279923
1196008
8000698
36309949
44753491
38839384
6991516
905079
10405788
33502665
2932023
6312619
53429367
25698355
22749577
2346032
13442861
24318028
19600233
23309755
15487835
7201312
12905493
20358712
31861437
19154176
40287760
19729729
24931066
41040670
31026660
6343733
25371970
5140963
31171871
12954288
55904481
4062994
11018866
11872055
4897235
18218289
11513232
15515487
33935087
679593
49337424
26696466
26711587
548244
2462053
26944970
15384002
2993378
9121520
33003629
18901084
15156695
19405105
10602609
14740102
44200297
32118920
22922848
30986677
18026902
66402686
17246334
6126349
35312415
40485464
20973939
44072240
34849611
45064041
14594954
6202592
37336744
22579158
17206399
12858101
37618979
35932692
55468637
58995656
26497926
2456706
5461966
1583126
10099543
21897461
18165281
21172668
51798499
58738264
27752182
7166530
46592300
52986888
33928949
60920433
17858680
30518212
62134398
53380490
41146534
60454314
6222061
19934033
54786551
58397894
24661638
40978332
14209050
45456840
32683385
43616454
36616098
32663575
3715424
17244648
31847345
19650771
28216932
9775848
9223255
11606693
19726402
53611727
13399404
46248132
4126543
17200900
5859214
14593101
30574177
43293988
38959
43469621
35679724
3089321
12312703
10091324
34220226
38335991
15471628
2111964
63488683
52131589
2163001
7565055
30764925
25487416
70118990
3622250
20020916
44628190
31909699
17614929
51587457
63411117
38981333
56892831
40299725
12458485
34768702
17110824
2833206
4452485
26622773
47652985
37706677
18868539
31097825
2912859
52178897
38457123
54959193
8775123
11683913
46735695
2430696
12282120
12632953
32362342
27467458
36640931
19210589
10475065
49909931
7770774
7256499
26327446
15355175
26288510
28975749
51561311
931841
1659280
5255361
41568948
14977825
10957877
33461319
20725042
49515244
7281359
4282572
7476294
3190427
17834163
18614549
33495551
33458731
42551017
3955187
18664513
17043088
21408225
4987823
36328908
49177412
62966
7635817
44527376
3737641
3425742
65574247
4901136
38267204
38099896
32467183
46332942
8421262
19607978
33936072
65384490
14333229
52476876
9009436
32986084
21008668
34434126
33079667
42101027
48920002
32341630
44732032
8618073
4892429
54987738
21171680
1629266
25304457
8406582
24378186
63821371
27130663
40695717
23326047
1942335
33494533
50395572
3757548
59258061
14698249
6314114
60480216
19592755
2434823
16706121
17887103
5111849
37373191
22530113
4475731
19909286
25559012
28388136
19607185
9853755
8470957
12084414
18520829
2445277
11436163
25984208
2130648
1239178
12747136
2340224
3971266
1311194
51913354
42814011
58516771
24435669
2040896
17256742
12906349
17169778
7864782
19545717
16353375
28686591
2734483
18959698
28604904
55486675
42791265
37441648
56631556
9654449
22300341
41886387
5774866
39282317
7860016
10221161
17669484
62348833
47546091
24534764
645291
39267567
23277448
1224679
50560082
11340294
15256353
20805049
8962768
32268351
38612983
81963
39600468
58573627
2514470
10143788
42925682
25104972
34846246
8650572
60385290
63695622
53235558
23166238
25807572
55488479
21354349
4383185
2406937
2131603
57462017
45214036
58223945
38638397
43203573
18841190
40582148
24232838
41429969
2649579
19663444
3534874
16416407
71852234
27237243
32806088
20708225
49701450
19417492
10679786
12619700
16187966
7964613
19504110
31937777
39403869
7652438
7771857
10093438
7681949
10222778
22271601
23356993
11263643
2452143
13433168
36188735
17533603
38004427
47723381
31968950
54396050
30535693
29844778
41302893
16818230
66458577
19900617
4967298
49378851
46817297
948446
55465718
46040744
41888095
7079603
10795794
27640131
3107231
55232358
32741078
9962660
30762519
6339402
28585211
21202839
15926091
3955975
15228087
16658746
46852326
5522581
35756000
22889965
5653610
16320291
25971761
17816960
39139665
27958378
53796286
27129459
31803454
12190339
2960217
8299666
23071347
4219475
57726564
19033701
27189525
35450660
12247427
41274083
63097418
9354896
32367668
20096802
34357397
3455188
42251894
58583705
5229061
9355483
27233350
8560460
26940894
57132186
5537014
66617685
1251902
16006636
21413940
20253729
36825833
53132615
45273173
6478224
1602573
4542643
62127160
40747213
15225121
11557167
16774578
40644837
57961333
22094461
61500080
34382932
28540652
29976124
20968054
2969766
9053333
38004812
8930010
21740427
12713672
26221219
3782828
23477262
26852214
41012276
16265771
565728
35619857
50057043
41743837
12431444
30099902
33316
4339958
26891056
22177377
37996279
66231235
23480686
51696305
37499266
16839165
3750145
32724487
42788074
24089603
5416138
22739720
2500307
16489373
10177250
11534774
3342969
3092173
361654
418272
32184190
10008974
26613567
27216951
5745686
44078322
32758460
23857683
14990096
72751166
60600503
1953840
10409185
34339638
2420026
33732082
10633947
49850053
37590227
24452784
44516972
8154002
29061577
10493574
50648690
10069497
18979390
183260
19739281
18049467
52042077
48749131
35408443
1722490
23697244
3985107
20217962
20972794
19330243
48963919
1235541
5175926
67022639
21715306
35973211
46634856
39850177
52810194
14239968
12678121
19057954
33295091
38464055
8102448
9072153
23752996
29995432
25460736
6765931
47463318
3654600
40478815
42206589
1661745
10031656
8257643
22328620
1707170
40477852
1281320
34195785
16554776
60353167
66527952
4652546
17629037
18784336
14660599
2823086
8681572
55658694
49938161
30323493
33642995
40091976
31843409
49285580
23472000
51111627
21866738
11179095
53178243
52566709
38199488
360888
46440019
43839652
23793825
43500055
37942545
19121241
2022340
10619617
34191598
28485680
58249677
60380529
36167820
16148573
15009671
8340429
2445048
4669205
37514616
3953876
22559426
37680231
23662738
31128563
6774317
23969061
1601996
28082267
64546548
25371304
51620458
42200711
10306496
26024889
21217373
7080968
37005872
15257298
27370201
1396069
6206238
1481972
30471713
21977223
3845513
61517753
17475339
8579636
12441871
14251986
23597179
4899082
21572045
23595932
37667835
11755752
17382858
6112735
45721126
38291477
5951490
13669814
39850895
27887856
21919712
35461125
36397364
7002742
27648319
50943052
10792958
41854049
47773646
53566415
12351163
37483256
10873963
3865210
14226174
32846034
19924273
8812577
45172012
55538290
1526494
20707029
4388202
60257052
48290369
15261055
10868358
307307
52483934
57574316
22529087
19926837
43078438
13769679
31328636
3704106
21950613
14365412
32052116
995135
30286158
1679206
43745809
10062294
20742179
15568007
12625201
31513962
12353062
22796752
12085582
42706817
16309327
20425637
9106945
13525991
9452308
17681400
4310577
53182204
27885950
23521388
39769927
5947970
36205528
44459253
67385646
3923490
4621869
302120
43016484
1362913
53342208
19956087
48013914
12159969
34389693
27034376
17091111
18597842
17926564
38214850
9985558
72704944
9844172
9988755
18943227
5845595
19737011
10817914
3198859
11367428
22533276
30495403
142455
2635564
50242781
2028132
31405113
50422334
2541040
17241469
67228796
18514292
5020652
29761497
27181733
3168208
653448
22887560
20035915
49963988
29093016
28105872
4445837
40524309
40890031
5899396
40432132
25426967
19539684
30499674
13940454
17927966
30594760
40608027
35856090
1398771
50801319
49598151
14652487
20579158
31302642
51630762
13448380
10342622
2402891
11961413
16329935
12388166
26070827
32412095
32533036
61070901
18520730
13794264
7401001
33263005
42105253
10045877
15999846
20645285
16675606
24230337
4882722
45289642
42844207
6546243
15553431
37887180
7149307
29254317
14725349
62201010
5396858
24991231
26494389
3904552
13721260
27997701
59274836
50985748
9453335
8157957
12804042
38932549
36220286
28391787
12211432
43936171
5022482
3555251
682745
43616876
6809325
62178978
32082648
47391147
7755772
27796469
38168450
24912154
23118442
38342101
10943763
24045009
41365344
7027121
32422261
51178239
8142349
17620388
5296104
26132638
47805781
42956376
3762137
19767448
27668281
4375542
38037622
25951535
1085712
52416689
7538881
2417659
55670720
58787385
23082722
63034436
9434207
2494917
26597114
31691585
11935742
22340050
14852300
31391924
11898675
30053576
7659888
1688401
7255627
60502594
29119885
5829405
54904236
37260238
15473832
19675460
22526568
42578401
14848064
59621043
58396356
2713132
29303850
6063532
7044096
67330704
520715
21588313
11608597
5841317
24972848
65266120
37791706
32349588
28017416
16160100
2642458
73999773
20805427
19649541
45208426
20699751
16984233
9487519
37440608
19597239
38303550
63618970
39121802
9220201
15668740
9273543
50938412
10970765
44716465
67166633
39237043
30934623
2741536
19435839
47974034
47026038
22336854
16869205
48610343
25326625
32265843
24440154
25057034
5141851
36177572
45240465
25672771
26754351
1035877
22840929
23841553
15642998
48082414
9828644
62108022
4372894
52000965
52745321
1193045
32986904
68321170
447828
5015099
11487201
14265612
29358181
46958783
45363884
21377758
48871813
18515748
47077556
34371274
2208825
31280870
10818948
35742544
1044234
20801127
58327644
20042464
41784403
1043535
50200158
18909101
32313436
11150512
38536619
26518406
55170217
18934180
12929709
18592963
13041327
2068168
33206232
48028188
62042038
19149460
11968742
8853101
31943187
20752554
19525672
59740678
18937428
8782237
25077971
8504794
23591825
10037675
29700343
3882675
27084383
29755319
17935652
201614
56097002
11789338
11544
63395628
5374801
60981737
5638692
18699984
25458188
3248283
17505731
40348787
2006521
27490965
4589053
10932534
7317729
41140806
24256766
42323722
15774670
7437825
54145901
40816359
34560746
9445980
5625556
24999122
11849151
40443316
11216297
43483036
2785740
25442393
3986080
14740230
26128835
63871251
27576097
19957895
5531418
42882531
56626816
19849532
63312229
5539616
7033752
58042822
13203962
16539300
34219824
25398240
55316017
11059114
7307620
23910680
11200980
11388442
5906681
28680327
33328101
33303180
39086871
16557682
28184191
39195032
18375660
15804631
10718886
10144288
38361363
37048281
42832461
51999837
17522729
6599060
28697138
3794863
25540879
40488868
12518451
6287774
45983176
52758203
44773522
3249796
31813356
69075071
27333463
32855788
21277674
29603784
10753923
44525540
12842299
230935
834152
4394337
14869248
33399374
26568434
13167771
10562739
14275170
25976923
70125282
39277287
35111295
33258919
31852887
1658726
3005330
36329718
8478586
43254806
20997705
22411197
35815860
35182494
19274772
45098160
60162324
20527233
10528404
27684084
10529694
34019381
10256281
10473972
65826464
13213944
8429642
55717983
22321065
28386557
51149270
4166917
11038537
9345959
3446738
12526629
5996926
11301511
60461049
38820533
34935806
15661158
6986319
31782583
9307627
16328248
20574682
48773913
20945044
37703292
33187096
54858972
31306518
35895594
1312130
28412131
15648287
65231341
18136759
26700900
33506797
17136751
3577249
8875945
54115746
36396647
20607868
1521312
32341037
9803255
50511111
6561671
52075964
10267715
38577689
16536452
37322214
24432620
24421415
23138723
21330732
5248075
36625929
320866
17596575
40814654
457414
52631264
18233420
23631870
18552497
50399440
14841827
35519020
1174399
30365039
51037626
33621024
38016966
33104073
12958904
30113658
29368281
27449546
41475380
7169512
26434455
37548832
5883653
45099395
35588064
18461277
40213006
5143450
5731608
24754306
20156488
31789665
3479948
66112527
66619197
18304553
45909084
401274
22909361
1378620
42027715
60052934
45086814
7383036
36465251
12766073
18287076
3200625
25241021
36664046
41228724
35437962
47468033
41976074
27395547
6296368
14756886
47731917
58469761
42234818
23843381
38423634
48706302
14982586
4460140
24566032
28453801
339502
51139575
48636588
44449809
17684762
1709965
45849522
10850438
7906944
11851415
24782361
7807152
24641740
9193779
12120572
10115058
11323077
808126
34802446
11408351
26859458
42843285
51438448
44102716
52181185
56957343
1261500
18695362
55519631
31826045
37374851
10319611
5643256
34035513
29305303
53030366
27794022
18664341
3553223
1230360
45218145
52960197
6943112
18523668
8014590
20664327
48192395
50191117
22342152
11785695
6842758
6102907
9889987
5704283
19068669
51669281
34006379
7263512
13466704
3899312
7668960
41331187
10353404
18210430
83534
60062574
2631749
36505968
10884064
59857427
34651306
16430697
18830860
5978488
10043177
6466785
3339373
28874529
19595427
34955490
5953425
37241579
27439924
6744621
5424482
16433266
40129362
52965442
14437022
61171046
33289689
9224258
478098
46903909
20200377
14900181
24475376
13509000
33421407
11193113
52750272
994430
2608899
21830750
4176138
23379846
10506257
1665228
42315485
8831819
279624
13223249
36589777
4926783
23825315
34505906
22649664
23615929
12088754
27937253
8519318
29922833
29044292
30389134
10445258
15395619
3375319
28282370
4424165
45722421
17134854
37160961
2508512
52753775
31919660
4200753
39290707
48753444
8588048
20706881
9982245
27946739
27407922
18803379
64802910
37777544
15270344
7381653
14763301
26611108
14057429
7328615
11103042
5775432
21456290
63163420
42434177
44169636
40160685
44025350
28941881
46604418
40828785
10201844
29564251
8969097
12725834
44529107
34144511
33275434
11164956
63551837
26905030
31725043
62420634
31465817
49261528
49059827
698478
18638040
34846505
1744644
35743362
2176096
36003175
61232132
13712608
40305520
14815648
12609744
57914904
17789410
33113089
57982336
40515392
8116058
28282851
4487513
50627511
1099082
31688739
17428849
9983229
6904398
14743759
7581333
44379215
49955591
23190670
56148988
31432357
33800820
33552634
16819493
121932
4855402
5902149
50898094
6047561
3937417
57940935
1486574
13637499
66518280
611481
28347072
242249
42131251
6473659
5414076
59855013
56482640
27391012
33940923
7223053
3361084
65544045
38714037
25588897
3532809
33233437
18199380
67199165
11055648
8816271
16399917
59394443
26780478
54555466
56671986
24597957
47321408
47296732
4328183
6518487
44197768
28150304
11084016
9651267
59660366
28688904
41441
51947877
61210947
34776900
24968053
22939139
27634055
63626680
5625684
30326714
47920322
47337229
27711768
21307551
6218903
51672227
42715870
34871343
9884604
66999198
37172898
4713001
39543377
59391965
13734024
17646386
22869971
24615491
3419790
52220472
854977
37168685
5062226
17718896
4636438
41845796
48159931
66811729
9808627
18760030
31936622
30047944
15037978
20472098
58711521
25039619
9769405
9903692
983783
35652345
6243869
27173501
48356738
12871211
66934799
17863288
27703693
36336903
32179090
47274769
57350061
2988065
33759724
3487631
11362696
2361232
62659213
11654032
33194367
36482186
15979999
9189954
2787031
54591775
23305387
24768294
36977555
39392486
51684515
2632121
32381118
7476156
25660004
15646250
44448540
8355474
7431340
11650988
62368090
58160280
39097956
23228181
7566038
27812118
33143497
29473201
6724326
16026012
59018891
2664022
25536668
7617808
14437595
10767716
27146162
1028329
36206706
48397210
6638923
59777332
3261691
480522
23168636
44188859
28330094
3391018
9861338
15353358
1534988
14771547
20015356
42462130
5278795
33544008
62095659
4806981
46666456
42657975
28409452
39925493
23971201
5238050
4084199
1332135
16397142
19219460
1239075
20073375
21698183
11421933
11715337
33850664
756424
27619235
23360020
49491895
2462277
33377904
15667949
41705554
25237587
35106954
21382466
13316876
35078933
18680030
23417907
4800884
67323383
1718022
40378825
14059084
25812702
3565154
52651675
25108529
5254196
24920045
58405777
14241853
40957011
5088821
8719830
19235422
50506991
26786077
32983854
7393938
10635499
37965169
41038751
18284631
27074678
14910494
45493106
30419921
20529794
4125384
35185038
11547140
52372802
11915658
23009981
46682060
39726927
27301344
16803400
33114146
25043091
18990622
62291494
32422192
49222771
1888452
49747416
23804090
38304667
4428240
2850883
8535557
469159
1094812
19402955
49736697
25308619
339036
4357566
66856598
35209765
37624728
6466721
47620873
46067938
29341081
1284003
13424830
40578184
41276483
25619891
65211932
21306917
3566596
13085765
16261813
46024471
36373222
4130810
20444730
27706129
50682510
33336416
7194385
1530264
284560
37347371
15839427
3555752
60941415
17492309
9460017
8816105
9824507
32263679
26248096
19235448
5463462
2999674
11638727
2815652
13866370
67046423
1448213
1656644
29294030
1990272
26264246
22065932
14717013
4828942
53697013
31666110
27952748
29386622
9712046
53830472
37424754
4488265
29601721
17362499
42442102
3239656
16095696
2116391
4495078
61846310
21275796
31195303
28346171
22958336
16651049
48673829
10990273
28295042
23272954
16314891
54532098
4713735
4954181
55874811
47927410
38922493
55386684
26897132
25837150
16214217
44086671
22417376
1999778
56390098
23402294
20499444
38677825
39583
47866131
30725785
10208686
6600050
37054479
31586979
13281058
23771707
1764375
9122286
52299487
17526045
38980991
15886177
4191562
66062846
14943273
48325605
46955769
26068154
4653657
2058529
11236540
40289794
6543885
14789549
18614887
14866915
3176414
17013037
14138168
16639898
25262726
30161662
52020468
22355866
13964953
50157361
23925428
46404284
10815283
22202460
19131058
24189633
6430982
21246803
58037646
23466829
16786711
22885728
14411651
21684834
16524268
9848352
34938621
17841000
13894083
43186309
31624396
20205660
5012446
42692175
28025476
4561113
25740094
51084070
22590278
32565026
29379942
12247897
1971950
9507760
37976109
37301734
24749482
35491851
23453455
11368115
54917214
35365829
28156056
19685039
41993181
37053833
5624783
3541992
24685435
24924440
28206457
35569058
12684516
32725981
72045863
6468929
20220789
7049575
38012263
6064779
18881839
61060073
21903916
15832273
54020507
47019653
11821087
1999953
38892684
15948974
33689783
14215963
23219104
21942929
12388711
62060776
35806545
35738676
1261923
7185122
9937742
21670023
13852837
42228804
53319811
21890037
24595287
40874698
44198733
23593448
25204120
37858688
15817814
39462166
26802365
55722583
23733908
19553930
4349291
36327641
45671555
8019267
9586497
3741409
71218648
44615487
17024637
31515285
38553858
45638646
30499091
8864599
32550660
44746454
19522819
30378186
17329842
1126762
7739462
21545606
13455607
3414257
30963616
18648178
18151265
11997121
57770641
58324409
3922211
34335961
4874641
1889465
42413968
44629852
29120074
7832902
50512654
48343811
10814429
63922997
55278142
3128011
14228399
16958329
53445037
11861585
8276424
36171540
40066628
14719096
19237561
62820169
28097718
11294287
30446586
12209634
45280058
31325489
2874610
365049
20991031
19541090
9064872
23436733
7896737
44602158
17868394
37685164
45759834
6629915
15289458
49332872
6468553
32277199
43673598
19647038
12692858
2444224
58313120
18513227
15523431
3805938
57832318
46395799
24880373
33752942
14286607
50319529
33893777
5837054
190217
46915033
19043520
10045611
13589165
12789112
46779158
5423349
8074023
29983061
5890734
17581373
17532772
25594418
32751319
7828966
42079099
35040920
14567667
7661828
14827004
4548752
3446998
4650330
61458332
